<?xml version="1.0" encoding="UTF-8"?>
<!-- Generated by org.testng.reporters.JUnitXMLReporter -->
<testsuite ignored="0" hostname="ip-172-31-39-81" failures="0" tests="3" name="Default test" time="1.302" errors="0" timestamp="2026-02-10T06:37:48 UTC">
  <testcase classname="rest.REST_Part2" name="test_Ids" time="1.173"/>
  <testcase classname="rest.REST_Part2" name="test_Ids" time="0.043"/>
  <testcase classname="rest.REST_Part2" name="test_Ids" time="0.044"/>
</testsuite> <!-- Default test -->
