<?xml version="1.0" encoding="UTF-8"?>
<!-- Generated by org.testng.reporters.JUnitReportReporter -->
<testsuite hostname="ip-172-31-43-4" failures="0" tests="3" name="parllel_prp.prallel_1" time="0.012" errors="0" timestamp="2026-01-26T08:22:27 UTC" skipped="0">
  <testcase classname="parllel_prp.prallel_1" name="meth2" time="0.002"/>
  <testcase classname="parllel_prp.prallel_1" name="meth1" time="0.008"/>
  <testcase classname="parllel_prp.prallel_1" name="meth3" time="0.002"/>
</testsuite> <!-- parllel_prp.prallel_1 -->
