<?xml version="1.0" encoding="UTF-8"?>
<testng-results ignored="0" total="2" passed="2" failed="0" skipped="0">
  <reporter-output>
  </reporter-output>
  <suite started-at="2026-02-02T09:16:17 UTC" name="Default suite" finished-at="2026-02-02T09:16:41 UTC" duration-ms="23381">
    <groups>
      <group name="cucumber">
        <method signature="AbstractTestNGCucumberTests.runScenario(io.cucumber.testng.PickleWrapper,io.cucumber.testng.FeatureWrapper)[pri:0, instance:runners.TestRunner@4c12331b]" name="runScenario" class="io.cucumber.testng.AbstractTestNGCucumberTests"/>
      </group> <!-- cucumber -->
    </groups>
    <test started-at="2026-02-02T09:16:17 UTC" name="Default test" finished-at="2026-02-02T09:16:41 UTC" duration-ms="23381">
      <class name="runners.TestRunner">
        <test-method is-config="true" signature="setUpClass(org.testng.ITestContext)[pri:0, instance:runners.TestRunner@4c12331b]" started-at="2026-02-02T09:16:17 UTC" name="setUpClass" finished-at="2026-02-02T09:16:18 UTC" duration-ms="387" status="PASS">
          <params>
            <param index="0">
              <value>
                <![CDATA[org.testng.TestRunner@4d41ba0f]]>
              </value>
            </param>
          </params>
          <reporter-output>
          </reporter-output>
        </test-method> <!-- setUpClass -->
        <test-method signature="runScenario(io.cucumber.testng.PickleWrapper,io.cucumber.testng.FeatureWrapper)[pri:0, instance:runners.TestRunner@4c12331b]" started-at="2026-02-02T09:16:18 UTC" name="runScenario" description="Runs Cucumber Scenarios" data-provider="scenarios" finished-at="2026-02-02T09:16:30 UTC" duration-ms="11780" status="PASS">
          <params>
            <param index="0">
              <value>
                <![CDATA["Search for available flights"]]>
              </value>
            </param>
            <param index="1">
              <value>
                <![CDATA["Flight booking on the IRCTC website"]]>
              </value>
            </param>
          </params>
          <reporter-output>
          </reporter-output>
        </test-method> <!-- runScenario -->
        <test-method signature="runScenario(io.cucumber.testng.PickleWrapper,io.cucumber.testng.FeatureWrapper)[pri:0, instance:runners.TestRunner@4c12331b]" started-at="2026-02-02T09:16:30 UTC" name="runScenario" description="Runs Cucumber Scenarios" data-provider="scenarios" finished-at="2026-02-02T09:16:41 UTC" duration-ms="11136" status="PASS">
          <params>
            <param index="0">
              <value>
                <![CDATA["Valid user login"]]>
              </value>
            </param>
            <param index="1">
              <value>
                <![CDATA["Login functionality on the IRCTC website"]]>
              </value>
            </param>
          </params>
          <reporter-output>
          </reporter-output>
        </test-method> <!-- runScenario -->
        <test-method is-config="true" signature="tearDownClass()[pri:0, instance:runners.TestRunner@4c12331b]" started-at="2026-02-02T09:16:41 UTC" name="tearDownClass" finished-at="2026-02-02T09:16:41 UTC" duration-ms="38" status="PASS">
          <reporter-output>
          </reporter-output>
        </test-method> <!-- tearDownClass -->
      </class> <!-- runners.TestRunner -->
    </test> <!-- Default test -->
  </suite> <!-- Default suite -->
</testng-results>
