<?xml version="1.0" encoding="UTF-8"?>
<testng-results ignored="0" total="2" passed="1" failed="1" skipped="0">
  <reporter-output>
  </reporter-output>
  <suite started-at="2026-02-02T07:08:21 UTC" name="Default suite" finished-at="2026-02-02T07:08:56 UTC" duration-ms="35843">
    <groups>
      <group name="cucumber">
        <method signature="AbstractTestNGCucumberTests.runScenario(io.cucumber.testng.PickleWrapper,io.cucumber.testng.FeatureWrapper)[pri:0, instance:runners.TestRunner@4c12331b]" name="runScenario" class="io.cucumber.testng.AbstractTestNGCucumberTests"/>
      </group> <!-- cucumber -->
    </groups>
    <test started-at="2026-02-02T07:08:21 UTC" name="Default test" finished-at="2026-02-02T07:08:56 UTC" duration-ms="35843">
      <class name="runners.TestRunner">
        <test-method is-config="true" signature="setUpClass(org.testng.ITestContext)[pri:0, instance:runners.TestRunner@4c12331b]" started-at="2026-02-02T07:08:21 UTC" name="setUpClass" finished-at="2026-02-02T07:08:21 UTC" duration-ms="393" status="PASS">
          <params>
            <param index="0">
              <value>
                <![CDATA[org.testng.TestRunner@5460b754]]>
              </value>
            </param>
          </params>
          <reporter-output>
          </reporter-output>
        </test-method> <!-- setUpClass -->
        <test-method signature="runScenario(io.cucumber.testng.PickleWrapper,io.cucumber.testng.FeatureWrapper)[pri:0, instance:runners.TestRunner@4c12331b]" started-at="2026-02-02T07:08:21 UTC" name="runScenario" description="Runs Cucumber Scenarios" data-provider="scenarios" finished-at="2026-02-02T07:08:45 UTC" duration-ms="24484" status="FAIL">
          <params>
            <param index="0">
              <value>
                <![CDATA["Search for available flights"]]>
              </value>
            </param>
            <param index="1">
              <value>
                <![CDATA["Flight booking on the IRCTC website"]]>
              </value>
            </param>
          </params>
          <exception class="org.openqa.selenium.InvalidSelectorException">
            <message>
              <![CDATA[invalid selector: Unable to locate an element with the xpath expression //div[contains(@class,'right-searchbartop') because of the following error:
SyntaxError: Failed to execute 'evaluate' on 'Document': The string '//div[contains(@class,'right-searchbartop')' is not a valid XPath expression.
  (Session info: chrome=139.0.7258.127)
For documentation on this error, please visit: https://www.selenium.dev/documentation/webdriver/troubleshooting/errors#invalid-selector-exception
Build info: version: '4.16.1', revision: '9b4c83354e'
System info: os.name: 'Linux', os.arch: 'amd64', os.version: '5.15.0-1019-aws', java.version: '11.0.29'
Driver info: org.openqa.selenium.chrome.ChromeDriver
Command: [5c8e7208938cf5af29477323cfc536e2, findElement {using=xpath, value=//div[contains(@class,'right-searchbartop')}]
Capabilities {acceptInsecureCerts: false, browserName: chrome, browserVersion: 139.0.7258.127, chrome: {chromedriverVersion: 139.0.7258.154 (9e0d6b2b47f..., userDataDir: /tmp/.org.chromium.Chromium...}, fedcm:accounts: true, goog:chromeOptions: {debuggerAddress: localhost:38349}, networkConnectionEnabled: false, pageLoadStrategy: normal, platformName: linux, proxy: Proxy(), se:cdp: ws://localhost:38349/devtoo..., se:cdpVersion: 139.0.7258.127, setWindowRect: true, strictFileInteractability: false, timeouts: {implicit: 0, pageLoad: 300000, script: 30000}, unhandledPromptBehavior: dismiss and notify, webauthn:extension:credBlob: true, webauthn:extension:largeBlob: true, webauthn:extension:minPinLength: true, webauthn:extension:prf: true, webauthn:virtualAuthenticators: true}
Session ID: 5c8e7208938cf5af29477323cfc536e2]]>
            </message>
            <full-stacktrace>
              <![CDATA[org.openqa.selenium.InvalidSelectorException: invalid selector: Unable to locate an element with the xpath expression //div[contains(@class,'right-searchbartop') because of the following error:
SyntaxError: Failed to execute 'evaluate' on 'Document': The string '//div[contains(@class,'right-searchbartop')' is not a valid XPath expression.
  (Session info: chrome=139.0.7258.127)
For documentation on this error, please visit: https://www.selenium.dev/documentation/webdriver/troubleshooting/errors#invalid-selector-exception
Build info: version: '4.16.1', revision: '9b4c83354e'
System info: os.name: 'Linux', os.arch: 'amd64', os.version: '5.15.0-1019-aws', java.version: '11.0.29'
Driver info: org.openqa.selenium.chrome.ChromeDriver
Command: [5c8e7208938cf5af29477323cfc536e2, findElement {using=xpath, value=//div[contains(@class,'right-searchbartop')}]
Capabilities {acceptInsecureCerts: false, browserName: chrome, browserVersion: 139.0.7258.127, chrome: {chromedriverVersion: 139.0.7258.154 (9e0d6b2b47f..., userDataDir: /tmp/.org.chromium.Chromium...}, fedcm:accounts: true, goog:chromeOptions: {debuggerAddress: localhost:38349}, networkConnectionEnabled: false, pageLoadStrategy: normal, platformName: linux, proxy: Proxy(), se:cdp: ws://localhost:38349/devtoo..., se:cdpVersion: 139.0.7258.127, setWindowRect: true, strictFileInteractability: false, timeouts: {implicit: 0, pageLoad: 300000, script: 30000}, unhandledPromptBehavior: dismiss and notify, webauthn:extension:credBlob: true, webauthn:extension:largeBlob: true, webauthn:extension:minPinLength: true, webauthn:extension:prf: true, webauthn:virtualAuthenticators: true}
Session ID: 5c8e7208938cf5af29477323cfc536e2
at java.base/jdk.internal.reflect.NativeConstructorAccessorImpl.newInstance0(Native Method)
at java.base/jdk.internal.reflect.NativeConstructorAccessorImpl.newInstance(NativeConstructorAccessorImpl.java:62)
at java.base/jdk.internal.reflect.DelegatingConstructorAccessorImpl.newInstance(DelegatingConstructorAccessorImpl.java:45)
at java.base/java.lang.reflect.Constructor.newInstance(Constructor.java:490)
at org.openqa.selenium.remote.codec.w3c.W3CHttpResponseCodec.createException(W3CHttpResponseCodec.java:200)
at org.openqa.selenium.remote.codec.w3c.W3CHttpResponseCodec.decode(W3CHttpResponseCodec.java:133)
at org.openqa.selenium.remote.codec.w3c.W3CHttpResponseCodec.decode(W3CHttpResponseCodec.java:52)
at org.openqa.selenium.remote.HttpCommandExecutor.execute(HttpCommandExecutor.java:191)
at org.openqa.selenium.remote.service.DriverCommandExecutor.invokeExecute(DriverCommandExecutor.java:200)
at org.openqa.selenium.remote.service.DriverCommandExecutor.execute(DriverCommandExecutor.java:175)
at org.openqa.selenium.remote.RemoteWebDriver.execute(RemoteWebDriver.java:523)
at org.openqa.selenium.remote.ElementLocation$ElementFinder$2.findElement(ElementLocation.java:165)
at org.openqa.selenium.remote.ElementLocation.findElement(ElementLocation.java:59)
at org.openqa.selenium.remote.RemoteWebDriver.findElement(RemoteWebDriver.java:360)
at org.openqa.selenium.remote.RemoteWebDriver.findElement(RemoteWebDriver.java:354)
at steps.SearchSteps.user_should_see_available_flights(SearchSteps.java:96)
at ✽.User should see a list of available flights(file:///home/labuser/git/Java-Training/IRCTC_Testing/src/test/resources/features/booking.feature:7)
]]>
            </full-stacktrace>
          </exception> <!-- org.openqa.selenium.InvalidSelectorException -->
          <reporter-output>
          </reporter-output>
        </test-method> <!-- runScenario -->
        <test-method signature="runScenario(io.cucumber.testng.PickleWrapper,io.cucumber.testng.FeatureWrapper)[pri:0, instance:runners.TestRunner@4c12331b]" started-at="2026-02-02T07:08:45 UTC" name="runScenario" description="Runs Cucumber Scenarios" data-provider="scenarios" finished-at="2026-02-02T07:08:56 UTC" duration-ms="10880" status="PASS">
          <params>
            <param index="0">
              <value>
                <![CDATA["Valid user login"]]>
              </value>
            </param>
            <param index="1">
              <value>
                <![CDATA["Login functionality on the IRCTC website"]]>
              </value>
            </param>
          </params>
          <reporter-output>
          </reporter-output>
        </test-method> <!-- runScenario -->
        <test-method is-config="true" signature="tearDownClass()[pri:0, instance:runners.TestRunner@4c12331b]" started-at="2026-02-02T07:08:56 UTC" name="tearDownClass" finished-at="2026-02-02T07:08:56 UTC" duration-ms="44" status="PASS">
          <reporter-output>
          </reporter-output>
        </test-method> <!-- tearDownClass -->
      </class> <!-- runners.TestRunner -->
    </test> <!-- Default test -->
  </suite> <!-- Default suite -->
</testng-results>
