<?xml version="1.0" encoding="UTF-8"?>
<!-- Generated by org.testng.reporters.JUnitReportReporter -->
<testsuite hostname="ip-172-31-39-81" failures="0" tests="4" name="rest_api.Get" time="1.644" errors="0" timestamp="2026-02-02T10:05:15 UTC" skipped="2">
  <testcase classname="rest_api.Get" name="usingRequestSpecification" time="1.188"/>
  <testcase classname="rest_api.Get" name="validateUserEmail" time="0.456"/>
  <testcase classname="rest_api.Get" name="getUsers">
    <skipped/>
  </testcase> <!-- getUsers -->
  <testcase classname="rest_api.Get" name="getSingleUser">
    <skipped/>
  </testcase> <!-- getSingleUser -->
</testsuite> <!-- rest_api.Get -->
