<?xml version="1.0" encoding="UTF-8"?>
<testng-results ignored="0" total="3" passed="3" failed="0" skipped="0">
  <reporter-output>
  </reporter-output>
  <suite started-at="2026-01-20T07:13:30 UTC" name="Suite" finished-at="2026-01-20T07:13:31 UTC" duration-ms="55">
    <groups>
    </groups>
    <test started-at="2026-01-20T07:13:30 UTC" name="Test" finished-at="2026-01-20T07:13:31 UTC" duration-ms="55">
      <class name="introprp.FIrsttest">
        <test-method signature="one()[pri:0, instance:introprp.FIrsttest@57a3af25]" started-at="2026-01-20T07:13:31 UTC" name="one" finished-at="2026-01-20T07:13:31 UTC" duration-ms="1" status="PASS">
          <reporter-output>
          </reporter-output>
        </test-method> <!-- one -->
      </class> <!-- introprp.FIrsttest -->
      <class name="introprp.second">
        <test-method is-config="true" signature="beforetest()[pri:0, instance:introprp.second@3febb011]" started-at="2026-01-20T07:13:30 UTC" name="beforetest" finished-at="2026-01-20T07:13:30 UTC" duration-ms="7" status="PASS">
          <reporter-output>
          </reporter-output>
        </test-method> <!-- beforetest -->
        <test-method is-config="true" signature="beforeMethod()[pri:0, instance:introprp.second@3febb011]" started-at="2026-01-20T07:13:30 UTC" name="beforeMethod" finished-at="2026-01-20T07:13:31 UTC" duration-ms="1" status="PASS">
          <reporter-output>
          </reporter-output>
        </test-method> <!-- beforeMethod -->
        <test-method signature="f1()[pri:0, instance:introprp.second@3febb011]" started-at="2026-01-20T07:13:31 UTC" name="f1" finished-at="2026-01-20T07:13:31 UTC" duration-ms="7" status="PASS">
          <reporter-output>
          </reporter-output>
        </test-method> <!-- f1 -->
        <test-method is-config="true" signature="afterMethod()[pri:0, instance:introprp.second@3febb011]" started-at="2026-01-20T07:13:31 UTC" name="afterMethod" finished-at="2026-01-20T07:13:31 UTC" duration-ms="1" status="PASS">
          <reporter-output>
          </reporter-output>
        </test-method> <!-- afterMethod -->
        <test-method signature="f2()[pri:0, instance:introprp.second@3febb011]" started-at="2026-01-20T07:13:31 UTC" name="f2" finished-at="2026-01-20T07:13:31 UTC" duration-ms="1" status="PASS">
          <reporter-output>
          </reporter-output>
        </test-method> <!-- f2 -->
        <test-method is-config="true" signature="beforeMethod()[pri:0, instance:introprp.second@3febb011]" started-at="2026-01-20T07:13:31 UTC" name="beforeMethod" finished-at="2026-01-20T07:13:31 UTC" duration-ms="0" status="PASS">
          <reporter-output>
          </reporter-output>
        </test-method> <!-- beforeMethod -->
        <test-method is-config="true" signature="afterMethod()[pri:0, instance:introprp.second@3febb011]" started-at="2026-01-20T07:13:31 UTC" name="afterMethod" finished-at="2026-01-20T07:13:31 UTC" duration-ms="0" status="PASS">
          <reporter-output>
          </reporter-output>
        </test-method> <!-- afterMethod -->
        <test-method is-config="true" signature="aftertest()[pri:0, instance:introprp.second@3febb011]" started-at="2026-01-20T07:13:31 UTC" name="aftertest" finished-at="2026-01-20T07:13:31 UTC" duration-ms="1" status="PASS">
          <reporter-output>
          </reporter-output>
        </test-method> <!-- aftertest -->
      </class> <!-- introprp.second -->
    </test> <!-- Test -->
  </suite> <!-- Suite -->
</testng-results>
