<?xml version="1.0" encoding="UTF-8"?>
<testng-results ignored="0" total="2" passed="2" failed="0" skipped="0">
  <reporter-output>
  </reporter-output>
  <suite started-at="2026-02-02T11:32:02 UTC" name="Default suite" finished-at="2026-02-02T11:32:05 UTC" duration-ms="2190">
    <groups>
    </groups>
    <test started-at="2026-02-02T11:32:02 UTC" name="Default test" finished-at="2026-02-02T11:32:05 UTC" duration-ms="2190">
      <class name="rest_api.Put">
        <test-method signature="putUser()[pri:0, instance:rest_api.Put@5fdcaa40]" started-at="2026-02-02T11:32:03 UTC" name="putUser" finished-at="2026-02-02T11:32:04 UTC" duration-ms="1738" status="PASS">
          <reporter-output>
          </reporter-output>
        </test-method> <!-- putUser -->
        <test-method signature="putUsingJSONObject()[pri:0, instance:rest_api.Put@5fdcaa40]" started-at="2026-02-02T11:32:04 UTC" name="putUsingJSONObject" finished-at="2026-02-02T11:32:05 UTC" duration-ms="407" status="PASS">
          <reporter-output>
          </reporter-output>
        </test-method> <!-- putUsingJSONObject -->
      </class> <!-- rest_api.Put -->
    </test> <!-- Default test -->
  </suite> <!-- Default suite -->
</testng-results>
