<?xml version="1.0" encoding="UTF-8"?>
<testng-results ignored="0" total="1" passed="1" failed="0" skipped="0">
  <reporter-output>
  </reporter-output>
  <suite started-at="2026-02-04T04:34:50 UTC" name="Default suite" finished-at="2026-02-04T04:34:52 UTC" duration-ms="2546">
    <groups>
    </groups>
    <test started-at="2026-02-04T04:34:50 UTC" name="Default test" finished-at="2026-02-04T04:34:52 UTC" duration-ms="2546">
      <class name="query_path_param.BearerAuth">
        <test-method signature="test2()[pri:0, instance:query_path_param.BearerAuth@15ff3e9e]" started-at="2026-02-04T04:34:50 UTC" name="test2" finished-at="2026-02-04T04:34:52 UTC" duration-ms="2507" status="PASS">
          <reporter-output>
          </reporter-output>
        </test-method> <!-- test2 -->
      </class> <!-- query_path_param.BearerAuth -->
    </test> <!-- Default test -->
  </suite> <!-- Default suite -->
</testng-results>
