<?xml version="1.0" encoding="UTF-8"?>
<testng-results ignored="0" total="1" passed="1" failed="0" skipped="0">
  <reporter-output>
  </reporter-output>
  <suite started-at="2026-01-30T07:04:49 UTC" name="Default suite" finished-at="2026-01-30T07:04:52 UTC" duration-ms="2759">
    <groups>
      <group name="cucumber">
        <method signature="AbstractTestNGCucumberTests.runScenario(io.cucumber.testng.PickleWrapper,io.cucumber.testng.FeatureWrapper)[pri:0, instance:runners.TestRunner@5e0e82ae]" name="runScenario" class="io.cucumber.testng.AbstractTestNGCucumberTests"/>
      </group> <!-- cucumber -->
    </groups>
    <test started-at="2026-01-30T07:04:49 UTC" name="Default test" finished-at="2026-01-30T07:04:52 UTC" duration-ms="2759">
      <class name="runners.TestRunner">
        <test-method is-config="true" signature="setUpClass(org.testng.ITestContext)[pri:0, instance:runners.TestRunner@5e0e82ae]" started-at="2026-01-30T07:04:49 UTC" name="setUpClass" finished-at="2026-01-30T07:04:50 UTC" duration-ms="397" status="PASS">
          <params>
            <param index="0">
              <value>
                <![CDATA[org.testng.TestRunner@6869a3b3]]>
              </value>
            </param>
          </params>
          <reporter-output>
          </reporter-output>
        </test-method> <!-- setUpClass -->
        <test-method signature="runScenario(io.cucumber.testng.PickleWrapper,io.cucumber.testng.FeatureWrapper)[pri:0, instance:runners.TestRunner@5e0e82ae]" started-at="2026-01-30T07:04:50 UTC" name="runScenario" description="Runs Cucumber Scenarios" data-provider="scenarios" finished-at="2026-01-30T07:04:52 UTC" duration-ms="2286" status="PASS">
          <params>
            <param index="0">
              <value>
                <![CDATA["User enters email on login page"]]>
              </value>
            </param>
            <param index="1">
              <value>
                <![CDATA["Login functionality"]]>
              </value>
            </param>
          </params>
          <reporter-output>
          </reporter-output>
        </test-method> <!-- runScenario -->
        <test-method is-config="true" signature="tearDownClass()[pri:0, instance:runners.TestRunner@5e0e82ae]" started-at="2026-01-30T07:04:52 UTC" name="tearDownClass" finished-at="2026-01-30T07:04:52 UTC" duration-ms="36" status="PASS">
          <reporter-output>
          </reporter-output>
        </test-method> <!-- tearDownClass -->
      </class> <!-- runners.TestRunner -->
    </test> <!-- Default test -->
  </suite> <!-- Default suite -->
</testng-results>
