<?xml version="1.0" encoding="UTF-8"?>
<testng-results ignored="0" total="3" passed="3" failed="0" skipped="0">
  <reporter-output>
  </reporter-output>
  <suite started-at="2026-02-10T06:37:47 UTC" name="Default suite" finished-at="2026-02-10T06:37:48 UTC" duration-ms="1302">
    <groups>
    </groups>
    <test started-at="2026-02-10T06:37:47 UTC" name="Default test" finished-at="2026-02-10T06:37:48 UTC" duration-ms="1302">
      <class name="rest.REST_Part2">
        <test-method signature="test_Ids(int)[pri:0, instance:rest.REST_Part2@3e58a80e]" started-at="2026-02-10T06:37:47 UTC" name="test_Ids" data-provider="userIds" finished-at="2026-02-10T06:37:48 UTC" duration-ms="1173" status="PASS">
          <params>
            <param index="0">
              <value>
                <![CDATA[1]]>
              </value>
            </param>
          </params>
          <reporter-output>
          </reporter-output>
        </test-method> <!-- test_Ids -->
        <test-method signature="test_Ids(int)[pri:0, instance:rest.REST_Part2@3e58a80e]" started-at="2026-02-10T06:37:48 UTC" name="test_Ids" data-provider="userIds" finished-at="2026-02-10T06:37:48 UTC" duration-ms="43" status="PASS">
          <params>
            <param index="0">
              <value>
                <![CDATA[2]]>
              </value>
            </param>
          </params>
          <reporter-output>
          </reporter-output>
        </test-method> <!-- test_Ids -->
        <test-method signature="test_Ids(int)[pri:0, instance:rest.REST_Part2@3e58a80e]" started-at="2026-02-10T06:37:48 UTC" name="test_Ids" data-provider="userIds" finished-at="2026-02-10T06:37:48 UTC" duration-ms="44" status="PASS">
          <params>
            <param index="0">
              <value>
                <![CDATA[3]]>
              </value>
            </param>
          </params>
          <reporter-output>
          </reporter-output>
        </test-method> <!-- test_Ids -->
      </class> <!-- rest.REST_Part2 -->
    </test> <!-- Default test -->
  </suite> <!-- Default suite -->
</testng-results>
