<?xml version="1.0" encoding="UTF-8"?>
<testng-results ignored="0" total="1" passed="1" failed="0" skipped="0">
  <reporter-output>
  </reporter-output>
  <suite started-at="2026-02-12T05:31:53 UTC" name="Default suite" finished-at="2026-02-12T05:35:19 UTC" duration-ms="206352">
    <groups>
      <group name="cucumber">
        <method signature="AbstractTestNGCucumberTests.runScenario(io.cucumber.testng.PickleWrapper,io.cucumber.testng.FeatureWrapper)[pri:0, instance:runners.TestNGRunner@5542c4ed]" name="runScenario" class="io.cucumber.testng.AbstractTestNGCucumberTests"/>
      </group> <!-- cucumber -->
    </groups>
    <test started-at="2026-02-12T05:31:53 UTC" name="Default test" finished-at="2026-02-12T05:35:19 UTC" duration-ms="206352">
      <class name="runners.TestNGRunner">
        <test-method is-config="true" signature="setUpClass(org.testng.ITestContext)[pri:0, instance:runners.TestNGRunner@5542c4ed]" started-at="2026-02-12T05:31:53 UTC" name="setUpClass" finished-at="2026-02-12T05:31:53 UTC" duration-ms="435" status="PASS">
          <params>
            <param index="0">
              <value>
                <![CDATA[org.testng.TestRunner@ec7b5de]]>
              </value>
            </param>
          </params>
          <reporter-output>
          </reporter-output>
        </test-method> <!-- setUpClass -->
        <test-method signature="runScenario(io.cucumber.testng.PickleWrapper,io.cucumber.testng.FeatureWrapper)[pri:0, instance:runners.TestNGRunner@5542c4ed]" started-at="2026-02-12T05:31:53 UTC" name="runScenario" description="Runs Cucumber Scenarios" data-provider="scenarios" finished-at="2026-02-12T05:35:19 UTC" duration-ms="205832" status="PASS">
          <params>
            <param index="0">
              <value>
                <![CDATA["Complete order flow"]]>
              </value>
            </param>
            <param index="1">
              <value>
                <![CDATA["Automation Test Store End to End Flow"]]>
              </value>
            </param>
          </params>
          <reporter-output>
          </reporter-output>
        </test-method> <!-- runScenario -->
        <test-method is-config="true" signature="tearDownClass()[pri:0, instance:runners.TestNGRunner@5542c4ed]" started-at="2026-02-12T05:35:19 UTC" name="tearDownClass" finished-at="2026-02-12T05:35:19 UTC" duration-ms="46" status="PASS">
          <reporter-output>
          </reporter-output>
        </test-method> <!-- tearDownClass -->
      </class> <!-- runners.TestNGRunner -->
    </test> <!-- Default test -->
  </suite> <!-- Default suite -->
</testng-results>
