<?xml version="1.0" encoding="UTF-8"?>
<!-- Generated by org.testng.reporters.JUnitXMLReporter -->
<testsuite ignored="3" hostname="ip-172-31-43-4" failures="0" tests="1" name="Test2" time="0.003" errors="0" timestamp="2026-01-20T11:26:40 UTC">
  <testcase classname="groupssss.group1" name="f4" time="0.001"/>
  <testcase classname="groupssss.group1" name="f3" time="0.0">
    <ignored/>
  </testcase> <!-- f3 -->
  <testcase classname="groupssss.group1" name="f1" time="0.0">
    <ignored/>
  </testcase> <!-- f1 -->
  <testcase classname="groupssss.group1" name="f" time="0.0">
    <ignored/>
  </testcase> <!-- f -->
</testsuite> <!-- Test2 -->
