<?xml version="1.0" encoding="UTF-8"?>
<!-- Generated by org.testng.reporters.JUnitXMLReporter -->
<testsuite ignored="2" hostname="ip-172-31-39-81" failures="0" tests="2" name="Default test" time="1.714" errors="0" timestamp="2026-02-02T10:05:15 UTC">
  <testcase classname="rest_api.Get" name="usingRequestSpecification" time="1.188"/>
  <testcase classname="rest_api.Get" name="validateUserEmail" time="0.456"/>
  <testcase classname="rest_api.Get" name="getUsers" time="0.0">
    <ignored/>
  </testcase> <!-- getUsers -->
  <testcase classname="rest_api.Get" name="getSingleUser" time="0.0">
    <ignored/>
  </testcase> <!-- getSingleUser -->
</testsuite> <!-- Default test -->
