<?xml version="1.0" encoding="UTF-8"?>
<!-- Generated by org.testng.reporters.JUnitReportReporter -->
<testsuite hostname="ip-172-31-39-81" failures="0" tests="3" name="rest.REST_Part2" time="1.351" errors="0" timestamp="2026-02-10T09:57:06 UTC" skipped="0">
  <testcase classname="rest.REST_Part2" name="test_Ids" time="0.047"/>
  <testcase classname="rest.REST_Part2" name="test_Ids" time="1.256"/>
  <testcase classname="rest.REST_Part2" name="test_Ids" time="0.048"/>
</testsuite> <!-- rest.REST_Part2 -->
