<?xml version="1.0" encoding="UTF-8"?>
<!-- Generated by org.testng.reporters.JUnitReportReporter -->
<testsuite hostname="ip-172-31-39-81" failures="0" tests="3" name="rest.REST_Part2" time="2.137" errors="0" timestamp="2026-02-10T11:28:46 UTC" skipped="0">
  <testcase classname="rest.REST_Part2" name="test_Ids" time="0.049"/>
  <testcase classname="rest.REST_Part2" name="test_Ids" time="1.723"/>
  <testcase classname="rest.REST_Part2" name="test_Ids" time="0.365"/>
</testsuite> <!-- rest.REST_Part2 -->
